# JRE version: Java(TM) SE Runtime Environment (8.0_333-b02) (build 1.8.0_333-b02)
# Java VM: Java HotSpot(TM) 64-Bit Server VM (25.333-b02 mixed mode bsd-amd64 compressed oops)
Heap:
 PSYoungGen      total 517120K, used 486152K [0x0000000795580000, 0x00000007bbb00000, 0x00000007c0000000)
  eden space 457216K, 93% used [0x0000000795580000,0x00000007af5c3978,0x00000007b1400000)
  from space 59904K, 99% used [0x00000007b6300000,0x00000007b9d7e7f8,0x00000007b9d80000)
  to   space 80896K, 0% used [0x00000007b1400000,0x00000007b1400000,0x00000007b6300000)
 ParOldGen       total 225792K, used 95701K [0x0000000740000000, 0x000000074dc80000, 0x0000000795580000)
  object space 225792K, 42% used [0x0000000740000000,0x0000000745d75488,0x000000074dc80000)
 Metaspace       used 56291K, capacity 57172K, committed 57344K, reserved 1099776K
  class space    used 6117K, capacity 6296K, committed 6400K, reserved 1048576K
GC Heap History (10 events):
Event: 3.109 GC heap before
{Heap before GC invocations=6 (full 1):
 PSYoungGen      total 218112K, used 35949K [0x0000000795580000, 0x00000007a6a80000, 0x00000007c0000000)
  eden space 207360K, 12% used [0x0000000795580000,0x0000000796e1deb0,0x00000007a2000000)
  from space 10752K, 99% used [0x00000007a6000000,0x00000007a6a7d6d8,0x00000007a6a80000)
  to   space 10752K, 0% used [0x00000007a5580000,0x00000007a5580000,0x00000007a6000000)
 ParOldGen       total 145920K, used 61794K [0x0000000740000000, 0x0000000748e80000, 0x0000000795580000)
  object space 145920K, 42% used [0x0000000740000000,0x0000000743c58b08,0x0000000748e80000)
 Metaspace       used 34942K, capacity 35424K, committed 35496K, reserved 1081344K
  class space    used 3962K, capacity 4092K, committed 4096K, reserved 1048576K
Event: 3.119 GC heap after
Heap after GC invocations=6 (full 1):
 PSYoungGen      total 272896K, used 10745K [0x0000000795580000, 0x00000007af300000, 0x00000007c0000000)
  eden space 262144K, 0% used [0x0000000795580000,0x0000000795580000,0x00000007a5580000)
  from space 10752K, 99% used [0x00000007a5580000,0x00000007a5ffe450,0x00000007a6000000)
  to   space 45568K, 0% used [0x00000007ac680000,0x00000007ac680000,0x00000007af300000)
 ParOldGen       total 145920K, used 63566K [0x0000000740000000, 0x0000000748e80000, 0x0000000795580000)
  object space 145920K, 43% used [0x0000000740000000,0x0000000743e13940,0x0000000748e80000)
 Metaspace       used 34942K, capacity 35424K, committed 35496K, reserved 1081344K
  class space    used 3962K, capacity 4092K, committed 4096K, reserved 1048576K
}
Event: 3.119 GC heap before
{Heap before GC invocations=7 (full 2):
 PSYoungGen      total 272896K, used 10745K [0x0000000795580000, 0x00000007af300000, 0x00000007c0000000)
  eden space 262144K, 0% used [0x0000000795580000,0x0000000795580000,0x00000007a5580000)
  from space 10752K, 99% used [0x00000007a5580000,0x00000007a5ffe450,0x00000007a6000000)
  to   space 45568K, 0% used [0x00000007ac680000,0x00000007ac680000,0x00000007af300000)
 ParOldGen       total 145920K, used 63566K [0x0000000740000000, 0x0000000748e80000, 0x0000000795580000)
  object space 145920K, 43% used [0x0000000740000000,0x0000000743e13940,0x0000000748e80000)
 Metaspace       used 34942K, capacity 35424K, committed 35496K, reserved 1081344K
  class space    used 3962K, capacity 4092K, committed 4096K, reserved 1048576K
Event: 3.178 GC heap after
Heap after GC invocations=7 (full 2):
 PSYoungGen      total 272896K, used 0K [0x0000000795580000, 0x00000007af300000, 0x00000007c0000000)
  eden space 262144K, 0% used [0x0000000795580000,0x0000000795580000,0x00000007a5580000)
  from space 10752K, 0% used [0x00000007a5580000,0x00000007a5580000,0x00000007a6000000)
  to   space 45568K, 0% used [0x00000007ac680000,0x00000007ac680000,0x00000007af300000)
 ParOldGen       total 225792K, used 55733K [0x0000000740000000, 0x000000074dc80000, 0x0000000795580000)
  object space 225792K, 24% used [0x0000000740000000,0x000000074366d550,0x000000074dc80000)
 Metaspace       used 34939K, capacity 35412K, committed 35496K, reserved 1081344K
  class space    used 3961K, capacity 4090K, committed 4096K, reserved 1048576K
}
Event: 4.535 GC heap before
{Heap before GC invocations=8 (full 2):
 PSYoungGen      total 272896K, used 262144K [0x0000000795580000, 0x00000007af300000, 0x00000007c0000000)
  eden space 262144K, 100% used [0x0000000795580000,0x00000007a5580000,0x00000007a5580000)
  from space 10752K, 0% used [0x00000007a5580000,0x00000007a5580000,0x00000007a6000000)
  to   space 45568K, 0% used [0x00000007ac680000,0x00000007ac680000,0x00000007af300000)
 ParOldGen       total 225792K, used 55733K [0x0000000740000000, 0x000000074dc80000, 0x0000000795580000)
  object space 225792K, 24% used [0x0000000740000000,0x000000074366d550,0x000000074dc80000)
 Metaspace       used 44993K, capacity 45578K, committed 45952K, reserved 1089536K
  class space    used 5066K, capacity 5229K, committed 5248K, reserved 1048576K
Event: 4.544 GC heap after
Heap after GC invocations=8 (full 2):
 PSYoungGen      total 380416K, used 15319K [0x0000000795580000, 0x00000007b2000000, 0x00000007c0000000)
  eden space 334848K, 0% used [0x0000000795580000,0x0000000795580000,0x00000007a9c80000)
  from space 45568K, 33% used [0x00000007ac680000,0x00000007ad575d20,0x00000007af300000)
  to   space 43008K, 0% used [0x00000007a9c80000,0x00000007a9c80000,0x00000007ac680000)
 ParOldGen       total 225792K, used 55741K [0x0000000740000000, 0x000000074dc80000, 0x0000000795580000)
  object space 225792K, 24% used [0x0000000740000000,0x000000074366f550,0x000000074dc80000)
 Metaspace       used 44993K, capacity 45578K, committed 45952K, reserved 1089536K
  class space    used 5066K, capacity 5229K, committed 5248K, reserved 1048576K
}
Event: 7.181 GC heap before
{Heap before GC invocations=9 (full 2):
 PSYoungGen      total 380416K, used 350167K [0x0000000795580000, 0x00000007b2000000, 0x00000007c0000000)
  eden space 334848K, 100% used [0x0000000795580000,0x00000007a9c80000,0x00000007a9c80000)
  from space 45568K, 33% used [0x00000007ac680000,0x00000007ad575d20,0x00000007af300000)
  to   space 43008K, 0% used [0x00000007a9c80000,0x00000007a9c80000,0x00000007ac680000)
 ParOldGen       total 225792K, used 55741K [0x0000000740000000, 0x000000074dc80000, 0x0000000795580000)
  object space 225792K, 24% used [0x0000000740000000,0x000000074366f550,0x000000074dc80000)
 Metaspace       used 54793K, capacity 55480K, committed 55936K, reserved 1099776K
  class space    used 6061K, capacity 6230K, committed 6272K, reserved 1048576K
Event: 7.220 GC heap after
Heap after GC invocations=9 (full 2):
 PSYoungGen      total 377856K, used 42976K [0x0000000795580000, 0x00000007b9d80000, 0x00000007c0000000)
  eden space 334848K, 0% used [0x0000000795580000,0x0000000795580000,0x00000007a9c80000)
  from space 43008K, 99% used [0x00000007a9c80000,0x00000007ac678270,0x00000007ac680000)
  to   space 59904K, 0% used [0x00000007b6300000,0x00000007b6300000,0x00000007b9d80000)
 ParOldGen       total 225792K, used 72496K [0x0000000740000000, 0x000000074dc80000, 0x0000000795580000)
  object space 225792K, 32% used [0x0000000740000000,0x00000007446cc2f0,0x000000074dc80000)
 Metaspace       used 54793K, capacity 55480K, committed 55936K, reserved 1099776K
  class space    used 6061K, capacity 6230K, committed 6272K, reserved 1048576K
}
Event: 10.794 GC heap before
{Heap before GC invocations=10 (full 2):
 PSYoungGen      total 377856K, used 377564K [0x0000000795580000, 0x00000007b9d80000, 0x00000007c0000000)
  eden space 334848K, 99% used [0x0000000795580000,0x00000007a9c3eee8,0x00000007a9c80000)
  from space 43008K, 99% used [0x00000007a9c80000,0x00000007ac678270,0x00000007ac680000)
  to   space 59904K, 0% used [0x00000007b6300000,0x00000007b6300000,0x00000007b9d80000)
 ParOldGen       total 225792K, used 72496K [0x0000000740000000, 0x000000074dc80000, 0x0000000795580000)
  object space 225792K, 32% used [0x0000000740000000,0x00000007446cc2f0,0x000000074dc80000)
 Metaspace       used 55584K, capacity 56396K, committed 56576K, reserved 1099776K
  class space    used 6102K, capacity 6276K, committed 6400K, reserved 1048576K
Event: 10.836 GC heap after
Heap after GC invocations=10 (full 2):
 PSYoungGen      total 517120K, used 59897K [0x0000000795580000, 0x00000007bbb00000, 0x00000007c0000000)
  eden space 457216K, 0% used [0x0000000795580000,0x0000000795580000,0x00000007b1400000)
  from space 59904K, 99% used [0x00000007b6300000,0x00000007b9d7e7f8,0x00000007b9d80000)
  to   space 80896K, 0% used [0x00000007b1400000,0x00000007b1400000,0x00000007b6300000)
 ParOldGen       total 225792K, used 95701K [0x0000000740000000, 0x000000074dc80000, 0x0000000795580000)
  object space 225792K, 42% used [0x0000000740000000,0x0000000745d75488,0x000000074dc80000)
 Metaspace       used 55584K, capacity 56396K, committed 56576K, reserved 1099776K
  class space    used 6102K, capacity 6276K, committed 6400K, reserved 1048576K
}

